/home/ubuntu/perturb-jepa-bridge/perturb_jepa/models/rna_encoder.py:47: UserWarning: enable_nested_tensor is True, but self.use_nested_tensor is False because encoder_layer.norm_first was True
  self.encoder = nn.TransformerEncoder(layer, num_layers=config.depth)
/home/ubuntu/perturb-jepa-bridge/perturb_jepa/models/image_encoder.py:66: UserWarning: enable_nested_tensor is True, but self.use_nested_tensor is False because encoder_layer.norm_first was True
  self.encoder = nn.TransformerEncoder(layer, num_layers=config.depth)
/home/ubuntu/perturb-jepa-bridge/.venv/lib/python3.11/site-packages/torch/autograd/graph.py:882: UserWarning: Memory Efficient attention defaults to a non-deterministic algorithm. To explicitly enable determinism call torch.use_deterministic_algorithms(True, warn_only=False). (Triggered internally at /pytorch/aten/src/ATen/native/transformers/cuda/attention_backward.cu:900.)
  return Variable._execution_engine.run_backward(  # Calls into the C++ engine to run the backward pass
stage=pretrain_rna step=0 rna_mask=2.5674
stage=pretrain_rna step=50 rna_mask=1.4315
stage=pretrain_rna step=100 rna_mask=1.1209
stage=pretrain_rna step=150 rna_mask=3.9743
stage=pretrain_rna step=200 rna_mask=1.0656
stage=pretrain_rna step=250 rna_mask=1.6854
stage=pretrain_rna step=300 rna_mask=2.6664
stage=pretrain_rna step=350 rna_mask=3.0186
stage=pretrain_rna step=400 rna_mask=1.3407
stage=pretrain_rna step=450 rna_mask=1.8903
stage=pretrain_rna step=500 rna_mask=2.7306
stage=pretrain_rna step=550 rna_mask=1.1756
stage=pretrain_rna step=600 rna_mask=1.2082
stage=pretrain_rna step=650 rna_mask=1.8191
stage=pretrain_rna step=700 rna_mask=1.1247
stage=pretrain_rna step=750 rna_mask=1.3366
stage=pretrain_rna step=800 rna_mask=2.1083
stage=pretrain_rna step=850 rna_mask=0.9448
stage=pretrain_rna step=900 rna_mask=1.3212
stage=pretrain_rna step=950 rna_mask=1.5331
stage=pretrain_rna step=1000 rna_mask=1.0530
stage=pretrain_rna step=1050 rna_mask=0.8273
stage=pretrain_rna step=1100 rna_mask=2.1870
stage=pretrain_rna step=1150 rna_mask=1.4932
stage=pretrain_rna step=1200 rna_mask=2.1757
stage=pretrain_rna step=1250 rna_mask=1.5179
stage=pretrain_rna step=1300 rna_mask=1.1437
stage=pretrain_rna step=1350 rna_mask=1.6670
stage=pretrain_rna step=1400 rna_mask=1.5518
stage=pretrain_rna step=1450 rna_mask=0.9206
stage=pretrain_rna step=1500 rna_mask=1.6595
stage=pretrain_rna step=1550 rna_mask=1.8996
stage=pretrain_rna step=1600 rna_mask=2.8009
stage=pretrain_rna step=1650 rna_mask=1.2524
stage=pretrain_rna step=1700 rna_mask=1.2086
stage=pretrain_rna step=1750 rna_mask=1.4429
stage=pretrain_rna step=1800 rna_mask=1.2478
stage=pretrain_rna step=1850 rna_mask=1.2182
stage=pretrain_rna step=1900 rna_mask=1.4178
stage=pretrain_rna step=1950 rna_mask=1.9812
