/home/ubuntu/perturb-jepa-bridge/perturb_jepa/models/rna_encoder.py:47: UserWarning: enable_nested_tensor is True, but self.use_nested_tensor is False because encoder_layer.norm_first was True
  self.encoder = nn.TransformerEncoder(layer, num_layers=config.depth)
/home/ubuntu/perturb-jepa-bridge/perturb_jepa/models/image_encoder.py:66: UserWarning: enable_nested_tensor is True, but self.use_nested_tensor is False because encoder_layer.norm_first was True
  self.encoder = nn.TransformerEncoder(layer, num_layers=config.depth)
/home/ubuntu/perturb-jepa-bridge/.venv/lib/python3.11/site-packages/torch/autograd/graph.py:882: UserWarning: Memory Efficient attention defaults to a non-deterministic algorithm. To explicitly enable determinism call torch.use_deterministic_algorithms(True, warn_only=False). (Triggered internally at /pytorch/aten/src/ATen/native/transformers/cuda/attention_backward.cu:900.)
  return Variable._execution_engine.run_backward(  # Calls into the C++ engine to run the backward pass
stage=pretrain_image step=0 image_mask=3.5704
stage=pretrain_image step=50 image_mask=1.0039
stage=pretrain_image step=100 image_mask=0.6426
stage=pretrain_image step=150 image_mask=3.2218
stage=pretrain_image step=200 image_mask=0.8389
stage=pretrain_image step=250 image_mask=1.1542
stage=pretrain_image step=300 image_mask=0.3349
stage=pretrain_image step=350 image_mask=0.7999
stage=pretrain_image step=400 image_mask=1.3991
stage=pretrain_image step=450 image_mask=2.0499
stage=pretrain_image step=500 image_mask=1.7079
stage=pretrain_image step=550 image_mask=0.4594
stage=pretrain_image step=600 image_mask=1.5047
stage=pretrain_image step=650 image_mask=0.7284
stage=pretrain_image step=700 image_mask=1.9337
stage=pretrain_image step=750 image_mask=2.2642
stage=pretrain_image step=800 image_mask=0.3497
stage=pretrain_image step=850 image_mask=0.8072
stage=pretrain_image step=900 image_mask=1.1040
stage=pretrain_image step=950 image_mask=0.3299
stage=pretrain_image step=1000 image_mask=48148151078066516880523264.0000
stage=pretrain_image step=1050 image_mask=2.2170
stage=pretrain_image step=1100 image_mask=0.8315
stage=pretrain_image step=1150 image_mask=0.4118
stage=pretrain_image step=1200 image_mask=1.4431
stage=pretrain_image step=1250 image_mask=0.8580
stage=pretrain_image step=1300 image_mask=1.8713
stage=pretrain_image step=1350 image_mask=1.9096
stage=pretrain_image step=1400 image_mask=0.9011
stage=pretrain_image step=1450 image_mask=1.1744
stage=pretrain_image step=1500 image_mask=2.0608
stage=pretrain_image step=1550 image_mask=0.8525
stage=pretrain_image step=1600 image_mask=4.0144
stage=pretrain_image step=1650 image_mask=1.6604
stage=pretrain_image step=1700 image_mask=1.1473
stage=pretrain_image step=1750 image_mask=1.3932
stage=pretrain_image step=1800 image_mask=1.3005
stage=pretrain_image step=1850 image_mask=0.9787
stage=pretrain_image step=1900 image_mask=2.7718
stage=pretrain_image step=1950 image_mask=0.6807
